Copyright 1986-2020 Xilinx, Inc. All Rights Reserved.
--------------------------------------------------------------------------------------------------------------------------------------------------------------------------------
| Tool Version : Vivado v.2020.2 (win64) Build 3064766 Wed Nov 18 09:12:45 MST 2020
| Date         : Mon Feb 15 21:56:50 2021
| Host         : DESKTOP-D10FM1T running 64-bit major release  (build 9200)
| Command      : report_methodology -file system_wrapper_methodology_drc_routed.rpt -pb system_wrapper_methodology_drc_routed.pb -rpx system_wrapper_methodology_drc_routed.rpx
| Design       : system_wrapper
| Device       : xc7z020clg400-1
| Speed File   : -1
| Design State : Fully Routed
--------------------------------------------------------------------------------------------------------------------------------------------------------------------------------

Report Methodology

Table of Contents
-----------------
1. REPORT SUMMARY
2. REPORT DETAILS

1. REPORT SUMMARY
-----------------
            Netlist: netlist
          Floorplan: design_1
      Design limits: <entire design considered>
             Max violations: <unlimited>
             Violations found: 30
+-----------+----------+-------------------------------+------------+
| Rule      | Severity | Description                   | Violations |
+-----------+----------+-------------------------------+------------+
| TIMING-18 | Warning  | Missing input or output delay | 6          |
| TIMING-20 | Warning  | Non-clocked latch             | 24         |
+-----------+----------+-------------------------------+------------+

2. REPORT DETAILS
-----------------
TIMING-18#1 Warning
Missing input or output delay  
An input delay is missing on btn0 relative to clock(s) clk_fpga_0
Related violations: <none>

TIMING-18#2 Warning
Missing input or output delay  
An input delay is missing on btn1 relative to clock(s) clk_fpga_0
Related violations: <none>

TIMING-18#3 Warning
Missing input or output delay  
An input delay is missing on btn2 relative to clock(s) clk_fpga_0
Related violations: <none>

TIMING-18#4 Warning
Missing input or output delay  
An input delay is missing on btn3 relative to clock(s) clk_fpga_0
Related violations: <none>

TIMING-18#5 Warning
Missing input or output delay  
An input delay is missing on sw0 relative to clock(s) clk_fpga_0
Related violations: <none>

TIMING-18#6 Warning
Missing input or output delay  
An input delay is missing on sw1 relative to clock(s) clk_fpga_0
Related violations: <none>

TIMING-20#1 Warning
Non-clocked latch  
The latch system_i/NCA_0/U0/ADSR_Envelope_0/U0/w_Scalar_reg[0] cannot be properly analyzed as its control pin system_i/NCA_0/U0/ADSR_Envelope_0/U0/w_Scalar_reg[0]/G is not reached by a timing clock
Related violations: <none>

TIMING-20#2 Warning
Non-clocked latch  
The latch system_i/NCA_0/U0/ADSR_Envelope_0/U0/w_Scalar_reg[10] cannot be properly analyzed as its control pin system_i/NCA_0/U0/ADSR_Envelope_0/U0/w_Scalar_reg[10]/G is not reached by a timing clock
Related violations: <none>

TIMING-20#3 Warning
Non-clocked latch  
The latch system_i/NCA_0/U0/ADSR_Envelope_0/U0/w_Scalar_reg[11] cannot be properly analyzed as its control pin system_i/NCA_0/U0/ADSR_Envelope_0/U0/w_Scalar_reg[11]/G is not reached by a timing clock
Related violations: <none>

TIMING-20#4 Warning
Non-clocked latch  
The latch system_i/NCA_0/U0/ADSR_Envelope_0/U0/w_Scalar_reg[12] cannot be properly analyzed as its control pin system_i/NCA_0/U0/ADSR_Envelope_0/U0/w_Scalar_reg[12]/G is not reached by a timing clock
Related violations: <none>

TIMING-20#5 Warning
Non-clocked latch  
The latch system_i/NCA_0/U0/ADSR_Envelope_0/U0/w_Scalar_reg[13] cannot be properly analyzed as its control pin system_i/NCA_0/U0/ADSR_Envelope_0/U0/w_Scalar_reg[13]/G is not reached by a timing clock
Related violations: <none>

TIMING-20#6 Warning
Non-clocked latch  
The latch system_i/NCA_0/U0/ADSR_Envelope_0/U0/w_Scalar_reg[14] cannot be properly analyzed as its control pin system_i/NCA_0/U0/ADSR_Envelope_0/U0/w_Scalar_reg[14]/G is not reached by a timing clock
Related violations: <none>

TIMING-20#7 Warning
Non-clocked latch  
The latch system_i/NCA_0/U0/ADSR_Envelope_0/U0/w_Scalar_reg[15] cannot be properly analyzed as its control pin system_i/NCA_0/U0/ADSR_Envelope_0/U0/w_Scalar_reg[15]/G is not reached by a timing clock
Related violations: <none>

TIMING-20#8 Warning
Non-clocked latch  
The latch system_i/NCA_0/U0/ADSR_Envelope_0/U0/w_Scalar_reg[16] cannot be properly analyzed as its control pin system_i/NCA_0/U0/ADSR_Envelope_0/U0/w_Scalar_reg[16]/G is not reached by a timing clock
Related violations: <none>

TIMING-20#9 Warning
Non-clocked latch  
The latch system_i/NCA_0/U0/ADSR_Envelope_0/U0/w_Scalar_reg[17] cannot be properly analyzed as its control pin system_i/NCA_0/U0/ADSR_Envelope_0/U0/w_Scalar_reg[17]/G is not reached by a timing clock
Related violations: <none>

TIMING-20#10 Warning
Non-clocked latch  
The latch system_i/NCA_0/U0/ADSR_Envelope_0/U0/w_Scalar_reg[18] cannot be properly analyzed as its control pin system_i/NCA_0/U0/ADSR_Envelope_0/U0/w_Scalar_reg[18]/G is not reached by a timing clock
Related violations: <none>

TIMING-20#11 Warning
Non-clocked latch  
The latch system_i/NCA_0/U0/ADSR_Envelope_0/U0/w_Scalar_reg[19] cannot be properly analyzed as its control pin system_i/NCA_0/U0/ADSR_Envelope_0/U0/w_Scalar_reg[19]/G is not reached by a timing clock
Related violations: <none>

TIMING-20#12 Warning
Non-clocked latch  
The latch system_i/NCA_0/U0/ADSR_Envelope_0/U0/w_Scalar_reg[1] cannot be properly analyzed as its control pin system_i/NCA_0/U0/ADSR_Envelope_0/U0/w_Scalar_reg[1]/G is not reached by a timing clock
Related violations: <none>

TIMING-20#13 Warning
Non-clocked latch  
The latch system_i/NCA_0/U0/ADSR_Envelope_0/U0/w_Scalar_reg[20] cannot be properly analyzed as its control pin system_i/NCA_0/U0/ADSR_Envelope_0/U0/w_Scalar_reg[20]/G is not reached by a timing clock
Related violations: <none>

TIMING-20#14 Warning
Non-clocked latch  
The latch system_i/NCA_0/U0/ADSR_Envelope_0/U0/w_Scalar_reg[21] cannot be properly analyzed as its control pin system_i/NCA_0/U0/ADSR_Envelope_0/U0/w_Scalar_reg[21]/G is not reached by a timing clock
Related violations: <none>

TIMING-20#15 Warning
Non-clocked latch  
The latch system_i/NCA_0/U0/ADSR_Envelope_0/U0/w_Scalar_reg[22] cannot be properly analyzed as its control pin system_i/NCA_0/U0/ADSR_Envelope_0/U0/w_Scalar_reg[22]/G is not reached by a timing clock
Related violations: <none>

TIMING-20#16 Warning
Non-clocked latch  
The latch system_i/NCA_0/U0/ADSR_Envelope_0/U0/w_Scalar_reg[23] cannot be properly analyzed as its control pin system_i/NCA_0/U0/ADSR_Envelope_0/U0/w_Scalar_reg[23]/G is not reached by a timing clock
Related violations: <none>

TIMING-20#17 Warning
Non-clocked latch  
The latch system_i/NCA_0/U0/ADSR_Envelope_0/U0/w_Scalar_reg[2] cannot be properly analyzed as its control pin system_i/NCA_0/U0/ADSR_Envelope_0/U0/w_Scalar_reg[2]/G is not reached by a timing clock
Related violations: <none>

TIMING-20#18 Warning
Non-clocked latch  
The latch system_i/NCA_0/U0/ADSR_Envelope_0/U0/w_Scalar_reg[3] cannot be properly analyzed as its control pin system_i/NCA_0/U0/ADSR_Envelope_0/U0/w_Scalar_reg[3]/G is not reached by a timing clock
Related violations: <none>

TIMING-20#19 Warning
Non-clocked latch  
The latch system_i/NCA_0/U0/ADSR_Envelope_0/U0/w_Scalar_reg[4] cannot be properly analyzed as its control pin system_i/NCA_0/U0/ADSR_Envelope_0/U0/w_Scalar_reg[4]/G is not reached by a timing clock
Related violations: <none>

TIMING-20#20 Warning
Non-clocked latch  
The latch system_i/NCA_0/U0/ADSR_Envelope_0/U0/w_Scalar_reg[5] cannot be properly analyzed as its control pin system_i/NCA_0/U0/ADSR_Envelope_0/U0/w_Scalar_reg[5]/G is not reached by a timing clock
Related violations: <none>

TIMING-20#21 Warning
Non-clocked latch  
The latch system_i/NCA_0/U0/ADSR_Envelope_0/U0/w_Scalar_reg[6] cannot be properly analyzed as its control pin system_i/NCA_0/U0/ADSR_Envelope_0/U0/w_Scalar_reg[6]/G is not reached by a timing clock
Related violations: <none>

TIMING-20#22 Warning
Non-clocked latch  
The latch system_i/NCA_0/U0/ADSR_Envelope_0/U0/w_Scalar_reg[7] cannot be properly analyzed as its control pin system_i/NCA_0/U0/ADSR_Envelope_0/U0/w_Scalar_reg[7]/G is not reached by a timing clock
Related violations: <none>

TIMING-20#23 Warning
Non-clocked latch  
The latch system_i/NCA_0/U0/ADSR_Envelope_0/U0/w_Scalar_reg[8] cannot be properly analyzed as its control pin system_i/NCA_0/U0/ADSR_Envelope_0/U0/w_Scalar_reg[8]/G is not reached by a timing clock
Related violations: <none>

TIMING-20#24 Warning
Non-clocked latch  
The latch system_i/NCA_0/U0/ADSR_Envelope_0/U0/w_Scalar_reg[9] cannot be properly analyzed as its control pin system_i/NCA_0/U0/ADSR_Envelope_0/U0/w_Scalar_reg[9]/G is not reached by a timing clock
Related violations: <none>


